# JRE version: OpenJDK Runtime Environment (8.0_191-b12) (build 1.8.0_191-8u191-b12-0ubuntu0.18.04.1-b12)
# Java VM: OpenJDK 64-Bit Server VM (25.191-b12 mixed mode linux-amd64 compressed oops)
Heap:
 PSYoungGen      total 229376K, used 13888K [0x00000000d6f80000, 0x00000000e6080000, 0x0000000100000000)
  eden space 211968K, 0% used [0x00000000d6f80000,0x00000000d6f80000,0x00000000e3e80000)
  from space 17408K, 79% used [0x00000000e3e80000,0x00000000e4c100c0,0x00000000e4f80000)
  to   space 12288K, 0% used [0x00000000e5180000,0x00000000e5180000,0x00000000e5d80000)
 ParOldGen       total 47616K, used 20890K [0x0000000084e00000, 0x0000000087c80000, 0x00000000d6f80000)
  object space 47616K, 43% used [0x0000000084e00000,0x0000000086266b88,0x0000000087c80000)
 Metaspace       used 28870K, capacity 29614K, committed 29872K, reserved 1075200K
  class space    used 3316K, capacity 3495K, committed 3504K, reserved 1048576K
GC Heap History (10 events):
Event: 3,547 GC heap after
Heap after GC invocations=5 (full 0):
 PSYoungGen      total 68608K, used 5114K [0x00000000d6f80000, 0x00000000df980000, 0x0000000100000000)
  eden space 63488K, 0% used [0x00000000d6f80000,0x00000000d6f80000,0x00000000dad80000)
  from space 5120K, 99% used [0x00000000dad80000,0x00000000db27eaa0,0x00000000db280000)
  to   space 7168K, 0% used [0x00000000df280000,0x00000000df280000,0x00000000df980000)
 ParOldGen       total 84992K, used 2345K [0x0000000084e00000, 0x000000008a100000, 0x00000000d6f80000)
  object space 84992K, 2% used [0x0000000084e00000,0x000000008504a610,0x000000008a100000)
 Metaspace       used 18022K, capacity 18224K, committed 18432K, reserved 1064960K
  class space    used 2120K, capacity 2216K, committed 2304K, reserved 1048576K
}
Event: 5,391 GC heap before
{Heap before GC invocations=6 (full 0):
 PSYoungGen      total 68608K, used 64315K [0x00000000d6f80000, 0x00000000df980000, 0x0000000100000000)
  eden space 63488K, 93% used [0x00000000d6f80000,0x00000000da950200,0x00000000dad80000)
  from space 5120K, 99% used [0x00000000dad80000,0x00000000db27eaa0,0x00000000db280000)
  to   space 7168K, 0% used [0x00000000df280000,0x00000000df280000,0x00000000df980000)
 ParOldGen       total 84992K, used 2345K [0x0000000084e00000, 0x000000008a100000, 0x00000000d6f80000)
  object space 84992K, 2% used [0x0000000084e00000,0x000000008504a610,0x000000008a100000)
 Metaspace       used 20923K, capacity 21076K, committed 21296K, reserved 1069056K
  class space    used 2505K, capacity 2570K, committed 2608K, reserved 1048576K
Event: 5,397 GC heap after
Heap after GC invocations=6 (full 0):
 PSYoungGen      total 133120K, used 7143K [0x00000000d6f80000, 0x00000000dfb80000, 0x0000000100000000)
  eden space 125952K, 0% used [0x00000000d6f80000,0x00000000d6f80000,0x00000000dea80000)
  from space 7168K, 99% used [0x00000000df280000,0x00000000df979f10,0x00000000df980000)
  to   space 8192K, 0% used [0x00000000dea80000,0x00000000dea80000,0x00000000df280000)
 ParOldGen       total 84992K, used 2410K [0x0000000084e00000, 0x000000008a100000, 0x00000000d6f80000)
  object space 84992K, 2% used [0x0000000084e00000,0x000000008505a890,0x000000008a100000)
 Metaspace       used 20923K, capacity 21076K, committed 21296K, reserved 1069056K
  class space    used 2505K, capacity 2570K, committed 2608K, reserved 1048576K
}
Event: 5,397 GC heap before
{Heap before GC invocations=7 (full 1):
 PSYoungGen      total 133120K, used 7143K [0x00000000d6f80000, 0x00000000dfb80000, 0x0000000100000000)
  eden space 125952K, 0% used [0x00000000d6f80000,0x00000000d6f80000,0x00000000dea80000)
  from space 7168K, 99% used [0x00000000df280000,0x00000000df979f10,0x00000000df980000)
  to   space 8192K, 0% used [0x00000000dea80000,0x00000000dea80000,0x00000000df280000)
 ParOldGen       total 84992K, used 2410K [0x0000000084e00000, 0x000000008a100000, 0x00000000d6f80000)
  object space 84992K, 2% used [0x0000000084e00000,0x000000008505a890,0x000000008a100000)
 Metaspace       used 20923K, capacity 21076K, committed 21296K, reserved 1069056K
  class space    used 2505K, capacity 2570K, committed 2608K, reserved 1048576K
Event: 5,419 GC heap after
Heap after GC invocations=7 (full 1):
 PSYoungGen      total 133120K, used 0K [0x00000000d6f80000, 0x00000000dfb80000, 0x0000000100000000)
  eden space 125952K, 0% used [0x00000000d6f80000,0x00000000d6f80000,0x00000000dea80000)
  from space 7168K, 0% used [0x00000000df280000,0x00000000df280000,0x00000000df980000)
  to   space 8192K, 0% used [0x00000000dea80000,0x00000000dea80000,0x00000000df280000)
 ParOldGen       total 47616K, used 6977K [0x0000000084e00000, 0x0000000087c80000, 0x00000000d6f80000)
  object space 47616K, 14% used [0x0000000084e00000,0x00000000854d0718,0x0000000087c80000)
 Metaspace       used 20923K, capacity 21076K, committed 21296K, reserved 1069056K
  class space    used 2505K, capacity 2570K, committed 2608K, reserved 1048576K
}
Event: 17,174 GC heap before
{Heap before GC invocations=8 (full 1):
 PSYoungGen      total 133120K, used 125952K [0x00000000d6f80000, 0x00000000dfb80000, 0x0000000100000000)
  eden space 125952K, 100% used [0x00000000d6f80000,0x00000000dea80000,0x00000000dea80000)
  from space 7168K, 0% used [0x00000000df280000,0x00000000df280000,0x00000000df980000)
  to   space 8192K, 0% used [0x00000000dea80000,0x00000000dea80000,0x00000000df280000)
 ParOldGen       total 47616K, used 6977K [0x0000000084e00000, 0x0000000087c80000, 0x00000000d6f80000)
  object space 47616K, 14% used [0x0000000084e00000,0x00000000854d0718,0x0000000087c80000)
 Metaspace       used 25520K, capacity 26020K, committed 26160K, reserved 1073152K
  class space    used 3120K, capacity 3270K, committed 3376K, reserved 1048576K
Event: 17,185 GC heap after
Heap after GC invocations=8 (full 1):
 PSYoungGen      total 134144K, used 8180K [0x00000000d6f80000, 0x00000000e5d80000, 0x0000000100000000)
  eden space 125952K, 0% used [0x00000000d6f80000,0x00000000d6f80000,0x00000000dea80000)
  from space 8192K, 99% used [0x00000000dea80000,0x00000000df27d040,0x00000000df280000)
  to   space 12288K, 0% used [0x00000000e5180000,0x00000000e5180000,0x00000000e5d80000)
 ParOldGen       total 47616K, used 13395K [0x0000000084e00000, 0x0000000087c80000, 0x00000000d6f80000)
  object space 47616K, 28% used [0x0000000084e00000,0x0000000085b14c78,0x0000000087c80000)
 Metaspace       used 25520K, capacity 26020K, committed 26160K, reserved 1073152K
  class space    used 3120K, capacity 3270K, committed 3376K, reserved 1048576K
}
Event: 91,263 GC heap before
{Heap before GC invocations=9 (full 1):
 PSYoungGen      total 134144K, used 134132K [0x00000000d6f80000, 0x00000000e5d80000, 0x0000000100000000)
  eden space 125952K, 100% used [0x00000000d6f80000,0x00000000dea80000,0x00000000dea80000)
  from space 8192K, 99% used [0x00000000dea80000,0x00000000df27d040,0x00000000df280000)
  to   space 12288K, 0% used [0x00000000e5180000,0x00000000e5180000,0x00000000e5d80000)
 ParOldGen       total 47616K, used 13395K [0x0000000084e00000, 0x0000000087c80000, 0x00000000d6f80000)
  object space 47616K, 28% used [0x0000000084e00000,0x0000000085b14c78,0x0000000087c80000)
 Metaspace       used 28302K, capacity 29004K, committed 29104K, reserved 1075200K
  class space    used 3309K, capacity 3494K, committed 3504K, reserved 1048576K
Event: 91,280 GC heap after
Heap after GC invocations=9 (full 1):
 PSYoungGen      total 224256K, used 12256K [0x00000000d6f80000, 0x00000000e6080000, 0x0000000100000000)
  eden space 211968K, 0% used [0x00000000d6f80000,0x00000000d6f80000,0x00000000e3e80000)
  from space 12288K, 99% used [0x00000000e5180000,0x00000000e5d780c0,0x00000000e5d80000)
  to   space 17408K, 0% used [0x00000000e3e80000,0x00000000e3e80000,0x00000000e4f80000)
 ParOldGen       total 47616K, used 20882K [0x0000000084e00000, 0x0000000087c80000, 0x00000000d6f80000)
  object space 47616K, 43% used [0x0000000084e00000,0x0000000086264b88,0x0000000087c80000)
 Metaspace       used 28302K, capacity 29004K, committed 29104K, reserved 1075200K
  class space    used 3309K, capacity 3494K, committed 3504K, reserved 1048576K
}
Event: 459,882 GC heap before
{Heap before GC invocations=10 (full 1):
 PSYoungGen      total 224256K, used 224224K [0x00000000d6f80000, 0x00000000e6080000, 0x0000000100000000)
  eden space 211968K, 100% used [0x00000000d6f80000,0x00000000e3e80000,0x00000000e3e80000)
  from space 12288K, 99% used [0x00000000e5180000,0x00000000e5d780c0,0x00000000e5d80000)
  to   space 17408K, 0% used [0x00000000e3e80000,0x00000000e3e80000,0x00000000e4f80000)
 ParOldGen       total 47616K, used 20882K [0x0000000084e00000, 0x0000000087c80000, 0x00000000d6f80000)
  object space 47616K, 43% used [0x0000000084e00000,0x0000000086264b88,0x0000000087c80000)
 Metaspace       used 28870K, capacity 29614K, committed 29872K, reserved 1075200K
  class space    used 3316K, capacity 3495K, committed 3504K, reserved 1048576K

